<?xml version="1.0" encoding="UTF-8"?>
<!-- Generated by org.testng.reporters.JUnitXMLReporter -->
<testsuite ignored="1" hostname="DESKTOP-HOOOIG6" failures="0" tests="2" name="Test" time="13.729" errors="0" timestamp="2020-09-13T08:06:10 BST">
  <testcase classname="chainingRequest.CreateIncidentWithPostBody" name="createIncidentWithBody" time="11.653"/>
  <testcase classname="chainingRequest.DeleteIncidentPathParameter" name="deleteIncident" time="1.972"/>
  <testcase classname="chainingRequest.BaseRequest" name="@BeforeSuite initialize" time="0.0">
    <ignored/>
  </testcase> <!-- @BeforeSuite initialize -->
</testsuite> <!-- Test -->
