<?xml version="1.0" encoding="UTF-8"?>
<testng-results ignored="0" total="1" passed="1" failed="0" skipped="0">
  <reporter-output>
  </reporter-output>
  <suite started-at="2020-09-13T09:09:35 BST" name="Default suite" finished-at="2020-09-13T09:09:45 BST" duration-ms="10086">
    <groups>
    </groups>
    <test started-at="2020-09-13T09:09:35 BST" name="Default test" finished-at="2020-09-13T09:09:45 BST" duration-ms="10086">
      <class name="basics.CreateIncidentWithHeader">
        <test-method signature="createIncidentWithoutBody()[pri:0, instance:basics.CreateIncidentWithHeader@69fb6037]" started-at="2020-09-13T09:09:35 BST" name="createIncidentWithoutBody" finished-at="2020-09-13T09:09:45 BST" duration-ms="9975" status="PASS">
          <reporter-output>
          </reporter-output>
        </test-method> <!-- createIncidentWithoutBody -->
      </class> <!-- basics.CreateIncidentWithHeader -->
    </test> <!-- Default test -->
  </suite> <!-- Default suite -->
</testng-results>
